2025-01-03 20:52:14.713 +03:00 [INF] Starting App
#######################
2025-01-03 20:52:15.299 +03:00 [INF] Цена для предмета AK-47 | Redline (Field-Tested) успешно получена.
2025-01-03 20:52:15.363 +03:00 [INF] json content:{
  "serverSettings": {
    "Server": "5.144.179.242",
    "Database": "STEAM",
    "User": "Gleb_project",
    "Password": "Gtybc001",
    "Port": 4000
  }
}
2025-01-03 20:52:15.369 +03:00 [ERR] Объект успешно десериализован: Httpclient.AppSettings.Teamplates.RootConfig
2025-01-03 20:52:15.369 +03:00 [INF] deserializedObject T typeHttpclient.AppSettings.Teamplates.RootConfig
2025-01-03 20:52:15.369 +03:00 [INF] JsonReaderForConfig:      Deserialized object: Httpclient.AppSettings.Teamplates.RootConfig
2025-01-03 20:52:15.369 +03:00 [INF] ConnectionStringManager: settings:Httpclient.AppSettings.Teamplates.RootConfig
2025-01-03 20:52:15.369 +03:00 [INF] Connecting to Steam with connection string {connectionString}
2025-01-03 20:52:40.387 +03:00 [INF] Starting App
#######################
2025-01-03 20:52:41.244 +03:00 [INF] Цена для предмета AK-47 | Redline (Field-Tested) успешно получена.
2025-01-03 20:52:41.307 +03:00 [INF] json content:{
  "serverSettings": {
    "Server": "5.144.179.242",
    "Database": "STEAM",
    "User": "Gleb_project",
    "Password": "Gtybc001",
    "Port": 4000
  }
}
2025-01-03 20:52:41.313 +03:00 [ERR] Объект успешно десериализован: Httpclient.AppSettings.Teamplates.RootConfig
2025-01-03 20:52:41.313 +03:00 [INF] deserializedObject T typeHttpclient.AppSettings.Teamplates.RootConfig
2025-01-03 20:52:41.313 +03:00 [INF] JsonReaderForConfig:      Deserialized object: Httpclient.AppSettings.Teamplates.RootConfig
2025-01-03 20:52:41.313 +03:00 [INF] ConnectionStringManager: settings:Httpclient.AppSettings.Teamplates.RootConfig
2025-01-03 20:52:41.313 +03:00 [INF] Connecting to Steam with connection string {connectionString}
2025-01-03 20:57:01.671 +03:00 [INF] Starting App
#######################
2025-01-03 20:57:02.264 +03:00 [INF] Цена для предмета AK-47 | Redline (Field-Tested) успешно получена.
2025-01-03 20:57:02.327 +03:00 [INF] json content:{
  "serverSettings": {
    "Server": "5.144.179.242",
    "Database": "STEAM",
    "User": "Gleb_project",
    "Password": "Gtybc001",
    "Port": 4000
  }
}
2025-01-03 20:57:02.333 +03:00 [ERR] Объект успешно десериализован: Httpclient.AppSettings.Teamplates.RootConfig
2025-01-03 20:57:02.333 +03:00 [INF] deserializedObject T typeHttpclient.AppSettings.Teamplates.RootConfig
2025-01-03 20:57:02.333 +03:00 [INF] JsonReaderForConfig:      Deserialized object: Httpclient.AppSettings.Teamplates.RootConfig
2025-01-03 20:57:02.333 +03:00 [INF] ConnectionStringManager: settings:Httpclient.AppSettings.Teamplates.RootConfig
2025-01-03 20:57:02.334 +03:00 [INF] Connecting to Steam with connection string {connectionString}
